2025-10-23 15:31:53.137 - === MyForm constructor started ===
2025-10-23 15:31:53.171 - Setting up map area
2025-10-23 15:31:53.171 - Creating TileMapManager
2025-10-23 15:31:53.171 - TileMapManager created: 1
2025-10-23 15:31:53.186 - Connecting regionDownloadProgress signal
2025-10-23 15:31:53.187 - Signal connected
2025-10-23 15:31:53.187 - Checking for local tiles...
2025-10-23 15:31:53.222 - Local tiles check completed
2025-10-23 15:31:53.916 - === MyForm constructor finished ===
2025-10-23 15:31:54.141 - Initial view size: 753x524
2025-10-23 15:31:54.157 - Current zoom level: 10/10
2025-10-23 15:34:42.097 - === MyForm constructor started ===
2025-10-23 15:34:42.130 - Setting up map area
2025-10-23 15:34:42.130 - Creating TileMapManager
2025-10-23 15:34:42.130 - TileMapManager created: 1
2025-10-23 15:34:42.130 - Connecting regionDownloadProgress signal
2025-10-23 15:34:42.130 - Signal connected
2025-10-23 15:34:42.130 - Checking for local tiles...
2025-10-23 15:34:42.163 - Local tiles check completed
2025-10-23 15:34:42.721 - === MyForm constructor finished ===
2025-10-23 15:34:42.894 - Initial view size: 753x524
2025-10-23 15:34:42.896 - Current zoom level: 10/10
2025-10-23 15:39:12.881 - === MyForm constructor started ===
2025-10-23 15:39:12.905 - Setting up map area
2025-10-23 15:39:12.918 - Creating TileMapManager
2025-10-23 15:39:12.922 - TileMapManager created: 1
2025-10-23 15:39:12.923 - Connecting regionDownloadProgress signal
2025-10-23 15:39:12.924 - Signal connected
2025-10-23 15:39:12.924 - Checking for local tiles...
2025-10-23 15:39:12.955 - Local tiles check completed
2025-10-23 15:39:13.516 - === MyForm constructor finished ===
2025-10-23 15:39:13.694 - Initial view size: 753x524
2025-10-23 15:39:13.704 - Current zoom level: 10/10
2025-10-23 15:52:56.345 - === MyForm constructor started ===
2025-10-23 15:52:56.379 - Setting up map area
2025-10-23 15:52:56.380 - Creating TileMapManager
2025-10-23 15:52:56.382 - TileMapManager created: 1
2025-10-23 15:52:56.383 - Connecting regionDownloadProgress signal
2025-10-23 15:52:56.383 - Signal connected
2025-10-23 15:52:56.384 - Checking for local tiles...
2025-10-23 15:52:56.414 - Local tiles check completed
2025-10-23 15:52:56.919 - === MyForm constructor finished ===
2025-10-23 15:52:57.099 - Initial view size: 753x524
2025-10-23 15:52:57.109 - Current zoom level: 10/10
2025-10-23 17:56:42.864 - === MyForm constructor started ===
2025-10-23 17:56:42.898 - Setting up map area
2025-10-23 17:56:42.899 - Creating TileMapManager
2025-10-23 17:56:42.901 - TileMapManager created: 1
2025-10-23 17:56:42.901 - Connecting regionDownloadProgress signal
2025-10-23 17:56:42.902 - Signal connected
2025-10-23 17:56:42.902 - Checking for local tiles...
2025-10-23 17:56:43.117 - Local tiles check completed
2025-10-23 17:56:43.912 - === MyForm constructor finished ===
2025-10-23 17:56:44.087 - Initial view size: 753x524
2025-10-23 17:56:44.090 - Current zoom level: 10/10
2025-10-23 18:01:20.137 - === MyForm constructor started ===
2025-10-23 18:01:20.174 - Setting up map area
2025-10-23 18:01:20.175 - Creating TileMapManager
2025-10-23 18:01:20.177 - TileMapManager created: 1
2025-10-23 18:01:20.178 - Connecting regionDownloadProgress signal
2025-10-23 18:01:20.179 - Signal connected
2025-10-23 18:01:20.180 - Checking for local tiles...
2025-10-23 18:01:20.217 - Local tiles check completed
2025-10-23 18:01:21.009 - === MyForm constructor finished ===
2025-10-23 18:01:21.191 - Initial view size: 753x524
2025-10-23 18:01:21.204 - Current zoom level: 10/10
2025-10-23 18:30:49.734 - === MyForm constructor started ===
2025-10-23 18:30:49.770 - Setting up map area
2025-10-23 18:30:49.772 - Creating TileMapManager
2025-10-23 18:30:49.774 - TileMapManager created: 1
2025-10-23 18:30:49.774 - Connecting regionDownloadProgress signal
2025-10-23 18:30:49.775 - Signal connected
2025-10-23 18:30:49.775 - Checking for local tiles...
2025-10-23 18:30:49.805 - Local tiles check completed
2025-10-23 18:30:50.595 - === MyForm constructor finished ===
2025-10-23 18:30:50.768 - Initial view size: 753x524
2025-10-23 18:30:50.781 - Current zoom level: 10/10
2025-10-23 18:33:44.767 - === MyForm constructor started ===
2025-10-23 18:33:44.803 - Setting up map area
2025-10-23 18:33:44.804 - Creating TileMapManager
2025-10-23 18:33:44.808 - TileMapManager created: 1
2025-10-23 18:33:44.809 - Connecting regionDownloadProgress signal
2025-10-23 18:33:44.810 - Signal connected
2025-10-23 18:33:44.810 - Checking for local tiles...
2025-10-23 18:33:44.844 - Local tiles check completed
2025-10-23 18:33:45.640 - === MyForm constructor finished ===
2025-10-23 18:33:45.819 - Initial view size: 753x524
2025-10-23 18:33:45.832 - Current zoom level: 10/10
2025-10-23 19:07:22.498 - === MyForm constructor started ===
2025-10-23 19:07:22.535 - Setting up map area
2025-10-23 19:07:22.536 - Creating TileMapManager
2025-10-23 19:07:22.538 - TileMapManager created: 1
2025-10-23 19:07:22.539 - Connecting regionDownloadProgress signal
2025-10-23 19:07:22.539 - Signal connected
2025-10-23 19:07:22.540 - Checking for local tiles...
2025-10-23 19:07:22.578 - Local tiles check completed
2025-10-23 19:07:32.937 - === MyForm constructor finished ===
2025-10-23 19:07:33.123 - Initial view size: 753x524
2025-10-23 19:07:33.137 - Current zoom level: 10/10
2025-10-23 19:21:50.889 - === MyForm constructor started ===
2025-10-23 19:21:50.921 - Setting up map area
2025-10-23 19:21:50.922 - Creating TileMapManager
2025-10-23 19:21:50.924 - TileMapManager created: 1
2025-10-23 19:21:50.925 - Connecting regionDownloadProgress signal
2025-10-23 19:21:50.926 - Signal connected
2025-10-23 19:21:50.926 - Checking for local tiles...
2025-10-23 19:21:50.955 - Local tiles check completed
2025-10-23 19:21:51.745 - === MyForm constructor finished ===
2025-10-23 19:21:51.922 - Initial view size: 753x524
2025-10-23 19:21:51.936 - Current zoom level: 10/10
2025-10-23 19:24:56.523 - === MyForm constructor started ===
2025-10-23 19:24:56.557 - Setting up map area
2025-10-23 19:24:56.558 - Creating TileMapManager
2025-10-23 19:24:56.560 - TileMapManager created: 1
2025-10-23 19:24:56.561 - Connecting regionDownloadProgress signal
2025-10-23 19:24:56.561 - Signal connected
2025-10-23 19:24:56.562 - Checking for local tiles...
2025-10-23 19:24:56.593 - Local tiles check completed
2025-10-23 19:24:57.389 - === MyForm constructor finished ===
2025-10-23 19:24:57.587 - Initial view size: 753x524
2025-10-23 19:24:57.597 - Current zoom level: 10/10
2025-10-23 20:37:00.540 - === MyForm constructor started ===
2025-10-23 20:37:00.572 - Setting up map area
2025-10-23 20:37:00.574 - Creating TileMapManager
2025-10-23 20:37:00.576 - TileMapManager created: 1
2025-10-23 20:37:00.577 - Connecting regionDownloadProgress signal
2025-10-23 20:37:00.578 - Signal connected
2025-10-23 20:37:00.580 - Checking for local tiles...
2025-10-23 20:37:00.608 - Local tiles check completed
2025-10-23 20:37:01.413 - === MyForm constructor finished ===
2025-10-23 20:37:01.599 - Initial view size: 753x524
2025-10-23 20:37:01.613 - Current zoom level: 10/10
2025-10-23 21:59:23.173 - === MyForm constructor started ===
2025-10-23 21:59:23.209 - Setting up map area
2025-10-23 21:59:23.210 - Creating TileMapManager
2025-10-23 21:59:23.213 - TileMapManager created: 1
2025-10-23 21:59:23.213 - Connecting regionDownloadProgress signal
2025-10-23 21:59:23.214 - Signal connected
2025-10-23 21:59:23.214 - Checking for local tiles...
2025-10-23 21:59:23.453 - Local tiles check completed
2025-10-23 21:59:42.701 - === MyForm constructor finished ===
2025-10-23 21:59:42.890 - Initial view size: 753x524
2025-10-23 21:59:42.903 - Current zoom level: 10/10
2025-10-23 22:13:47.907 - === MyForm constructor started ===
2025-10-23 22:13:47.943 - Setting up map area
2025-10-23 22:13:47.945 - Creating TileMapManager
2025-10-23 22:13:47.946 - TileMapManager created: 1
2025-10-23 22:13:47.947 - Connecting regionDownloadProgress signal
2025-10-23 22:13:47.948 - Signal connected
2025-10-23 22:13:47.948 - Checking for local tiles...
2025-10-23 22:13:47.983 - Local tiles check completed
2025-10-23 22:13:48.800 - === MyForm constructor finished ===
2025-10-23 22:13:48.978 - Initial view size: 753x524
2025-10-23 22:13:48.989 - Current zoom level: 10/10
2025-10-23 22:31:00.611 - === MyForm constructor started ===
2025-10-23 22:31:00.644 - Setting up map area
2025-10-23 22:31:00.647 - Creating TileMapManager
2025-10-23 22:31:00.649 - TileMapManager created: 1
2025-10-23 22:31:00.650 - Connecting regionDownloadProgress signal
2025-10-23 22:31:00.650 - Signal connected
2025-10-23 22:31:00.651 - Checking for local tiles...
2025-10-23 22:31:00.681 - Local tiles check completed
2025-10-23 22:31:01.499 - === MyForm constructor finished ===
2025-10-23 22:31:01.680 - Initial view size: 753x524
2025-10-23 22:31:01.690 - Current zoom level: 10/10
2025-10-23 23:28:30.257 - === MyForm constructor started ===
2025-10-23 23:28:30.325 - Setting up map area
2025-10-23 23:28:30.327 - Creating TileMapManager
2025-10-23 23:28:30.328 - TileMapManager created: 1
2025-10-23 23:28:30.329 - Connecting regionDownloadProgress signal
2025-10-23 23:28:30.329 - Signal connected
2025-10-23 23:28:30.330 - Checking for local tiles...
2025-10-23 23:28:30.397 - Local tiles check completed
2025-10-23 23:28:43.453 - === MyForm constructor finished ===
2025-10-23 23:28:43.635 - Initial view size: 753x524
2025-10-23 23:28:43.646 - Current zoom level: 10/10
2025-10-23 23:35:45.459 - === MyForm constructor started ===
2025-10-23 23:35:45.495 - Setting up map area
2025-10-23 23:35:45.496 - Creating TileMapManager
2025-10-23 23:35:45.498 - TileMapManager created: 1
2025-10-23 23:35:45.498 - Connecting regionDownloadProgress signal
2025-10-23 23:35:45.499 - Signal connected
2025-10-23 23:35:45.499 - Checking for local tiles...
2025-10-23 23:35:45.530 - Local tiles check completed
2025-10-23 23:35:46.307 - === MyForm constructor finished ===
2025-10-23 23:35:46.489 - Initial view size: 753x524
2025-10-23 23:35:46.501 - Current zoom level: 10/10
2025-10-23 23:36:12.534 - === MyForm constructor started ===
2025-10-23 23:36:12.569 - Setting up map area
2025-10-23 23:36:12.570 - Creating TileMapManager
2025-10-23 23:36:12.571 - TileMapManager created: 1
2025-10-23 23:36:12.572 - Connecting regionDownloadProgress signal
2025-10-23 23:36:12.573 - Signal connected
2025-10-23 23:36:12.573 - Checking for local tiles...
2025-10-23 23:36:12.606 - Local tiles check completed
2025-10-23 23:36:13.381 - === MyForm constructor finished ===
2025-10-23 23:36:13.556 - Initial view size: 753x524
2025-10-23 23:36:13.574 - Current zoom level: 10/10
2025-10-23 23:39:08.860 - === MyForm constructor started ===
2025-10-23 23:39:08.895 - Setting up map area
2025-10-23 23:39:08.897 - Creating TileMapManager
2025-10-23 23:39:08.898 - TileMapManager created: 1
2025-10-23 23:39:08.899 - Connecting regionDownloadProgress signal
2025-10-23 23:39:08.899 - Signal connected
2025-10-23 23:39:08.900 - Checking for local tiles...
2025-10-23 23:39:08.930 - Local tiles check completed
2025-10-23 23:39:09.698 - === MyForm constructor finished ===
2025-10-23 23:39:09.876 - Initial view size: 753x524
2025-10-23 23:39:09.889 - Current zoom level: 10/10
2025-10-23 23:42:57.915 - === MyForm constructor started ===
2025-10-23 23:42:57.943 - Setting up map area
2025-10-23 23:42:57.959 - Creating TileMapManager
2025-10-23 23:42:57.962 - TileMapManager created: 1
2025-10-23 23:42:57.963 - Connecting regionDownloadProgress signal
2025-10-23 23:42:57.963 - Signal connected
2025-10-23 23:42:57.964 - Checking for local tiles...
2025-10-23 23:42:57.997 - Local tiles check completed
2025-10-23 23:42:58.762 - === MyForm constructor finished ===
2025-10-23 23:42:58.953 - Initial view size: 753x524
2025-10-23 23:42:58.992 - Current zoom level: 10/10
2025-10-23 23:45:09.885 - === MyForm constructor started ===
2025-10-23 23:45:09.935 - Setting up map area
2025-10-23 23:45:09.938 - Creating TileMapManager
2025-10-23 23:45:09.940 - TileMapManager created: 1
2025-10-23 23:45:09.942 - Connecting regionDownloadProgress signal
2025-10-23 23:45:09.942 - Signal connected
2025-10-23 23:45:09.942 - Checking for local tiles...
2025-10-23 23:45:09.986 - Local tiles check completed
2025-10-23 23:45:11.008 - === MyForm constructor finished ===
2025-10-23 23:45:11.238 - Initial view size: 753x524
2025-10-23 23:45:11.254 - Current zoom level: 10/10
2025-10-23 23:48:07.323 - === MyForm constructor started ===
2025-10-23 23:48:07.359 - Setting up map area
2025-10-23 23:48:07.360 - Creating TileMapManager
2025-10-23 23:48:07.362 - TileMapManager created: 1
2025-10-23 23:48:07.362 - Connecting regionDownloadProgress signal
2025-10-23 23:48:07.363 - Signal connected
2025-10-23 23:48:07.363 - Checking for local tiles...
2025-10-23 23:48:07.396 - Local tiles check completed
2025-10-23 23:48:08.171 - === MyForm constructor finished ===
2025-10-23 23:48:08.347 - Initial view size: 753x524
2025-10-23 23:48:08.358 - Current zoom level: 10/10
2025-10-23 23:51:58.586 - === MyForm constructor started ===
2025-10-23 23:51:58.622 - Setting up map area
2025-10-23 23:51:58.625 - Creating TileMapManager
2025-10-23 23:51:58.627 - TileMapManager created: 1
2025-10-23 23:51:58.627 - Connecting regionDownloadProgress signal
2025-10-23 23:51:58.628 - Signal connected
2025-10-23 23:51:58.628 - Checking for local tiles...
2025-10-23 23:51:58.659 - Local tiles check completed
2025-10-23 23:51:59.412 - === MyForm constructor finished ===
2025-10-23 23:51:59.583 - Initial view size: 753x524
2025-10-23 23:51:59.600 - Current zoom level: 10/10
2025-10-23 23:59:09.037 - === MyForm constructor started ===
2025-10-23 23:59:09.071 - Setting up map area
2025-10-23 23:59:09.129 - Creating TileMapManager
2025-10-23 23:59:09.133 - TileMapManager created: 1
2025-10-23 23:59:09.133 - Connecting regionDownloadProgress signal
2025-10-23 23:59:09.134 - Signal connected
2025-10-23 23:59:09.135 - Checking for local tiles...
2025-10-23 23:59:09.171 - Local tiles check completed
2025-10-23 23:59:09.946 - === MyForm constructor finished ===
2025-10-23 23:59:10.123 - Initial view size: 753x524
2025-10-23 23:59:10.134 - Current zoom level: 10/10
2025-10-24 00:00:32.476 - === MyForm constructor started ===
2025-10-24 00:00:32.512 - Setting up map area
2025-10-24 00:00:32.513 - Creating TileMapManager
2025-10-24 00:00:32.515 - TileMapManager created: 1
2025-10-24 00:00:32.516 - Connecting regionDownloadProgress signal
2025-10-24 00:00:32.517 - Signal connected
2025-10-24 00:00:32.518 - Checking for local tiles...
2025-10-24 00:00:32.554 - Local tiles check completed
2025-10-24 00:00:33.334 - === MyForm constructor finished ===
2025-10-24 00:00:33.519 - Initial view size: 753x524
2025-10-24 00:00:33.533 - Current zoom level: 10/10
2025-10-24 00:05:00.401 - === MyForm constructor started ===
2025-10-24 00:05:00.439 - Setting up map area
2025-10-24 00:05:00.440 - Creating TileMapManager
2025-10-24 00:05:00.443 - TileMapManager created: 1
2025-10-24 00:05:00.443 - Connecting regionDownloadProgress signal
2025-10-24 00:05:00.444 - Signal connected
2025-10-24 00:05:00.444 - Checking for local tiles...
2025-10-24 00:05:00.477 - Local tiles check completed
2025-10-24 00:05:01.316 - === MyForm constructor finished ===
2025-10-24 00:05:01.493 - Initial view size: 753x524
2025-10-24 00:05:01.504 - Current zoom level: 10/10
2025-10-24 00:09:18.541 - === MyForm constructor started ===
2025-10-24 00:09:18.571 - Setting up map area
2025-10-24 00:09:18.579 - Creating TileMapManager
2025-10-24 00:09:18.581 - TileMapManager created: 1
2025-10-24 00:09:18.581 - Connecting regionDownloadProgress signal
2025-10-24 00:09:18.583 - Signal connected
2025-10-24 00:09:18.583 - Checking for local tiles...
2025-10-24 00:09:18.615 - Local tiles check completed
2025-10-24 00:09:19.414 - === MyForm constructor finished ===
2025-10-24 00:09:19.601 - Initial view size: 753x524
2025-10-24 00:09:19.614 - Current zoom level: 10/10
2025-10-24 00:12:21.000 - === MyForm constructor started ===
2025-10-24 00:12:21.034 - Setting up map area
2025-10-24 00:12:21.036 - Creating TileMapManager
2025-10-24 00:12:21.037 - TileMapManager created: 1
2025-10-24 00:12:21.038 - Connecting regionDownloadProgress signal
2025-10-24 00:12:21.039 - Signal connected
2025-10-24 00:12:21.039 - Checking for local tiles...
2025-10-24 00:12:21.072 - Local tiles check completed
2025-10-24 00:12:21.892 - === MyForm constructor finished ===
2025-10-24 00:12:22.089 - Initial view size: 753x524
2025-10-24 00:12:22.099 - Current zoom level: 10/10
2025-10-24 00:16:27.843 - === MyForm constructor started ===
2025-10-24 00:16:27.879 - Setting up map area
2025-10-24 00:16:27.883 - Creating TileMapManager
2025-10-24 00:16:27.885 - TileMapManager created: 1
2025-10-24 00:16:27.886 - Connecting regionDownloadProgress signal
2025-10-24 00:16:27.886 - Signal connected
2025-10-24 00:16:27.886 - Checking for local tiles...
2025-10-24 00:16:27.919 - Local tiles check completed
2025-10-24 00:16:28.720 - === MyForm constructor finished ===
2025-10-24 00:16:28.899 - Initial view size: 753x524
2025-10-24 00:16:28.912 - Current zoom level: 10/10
2025-10-24 00:26:29.284 - === MyForm constructor started ===
2025-10-24 00:26:29.353 - Setting up map area
2025-10-24 00:26:29.363 - Creating TileMapManager
2025-10-24 00:26:29.365 - TileMapManager created: 1
2025-10-24 00:26:29.366 - Connecting regionDownloadProgress signal
2025-10-24 00:26:29.366 - Signal connected
2025-10-24 00:26:29.366 - Checking for local tiles...
2025-10-24 00:26:29.710 - Local tiles check completed
2025-10-24 00:26:31.850 - === MyForm constructor finished ===
2025-10-24 00:26:32.036 - Initial view size: 753x524
2025-10-24 00:26:32.036 - Current zoom level: 10/10
2025-10-24 18:40:29.603 - === MyForm constructor started ===
2025-10-24 18:40:29.752 - Setting up map area
2025-10-24 18:40:29.754 - Creating TileMapManager
2025-10-24 18:40:29.757 - TileMapManager created: 1
2025-10-24 18:40:29.767 - Connecting regionDownloadProgress signal
2025-10-24 18:40:29.768 - Signal connected
2025-10-24 18:40:29.768 - Checking for local tiles...
2025-10-24 18:40:30.089 - Local tiles check completed
2025-10-24 18:40:39.381 - === MyForm constructor finished ===
2025-10-24 18:40:39.564 - Initial view size: 753x524
2025-10-24 18:40:39.576 - Current zoom level: 10/10
2025-10-24 18:44:10.446 - === MyForm constructor started ===
2025-10-24 18:44:10.481 - Setting up map area
2025-10-24 18:44:10.490 - Creating TileMapManager
2025-10-24 18:44:10.490 - TileMapManager created: 1
2025-10-24 18:44:10.490 - Connecting regionDownloadProgress signal
2025-10-24 18:44:10.490 - Signal connected
2025-10-24 18:44:10.490 - Checking for local tiles...
2025-10-24 18:44:10.528 - Local tiles check completed
2025-10-24 18:44:11.320 - === MyForm constructor finished ===
2025-10-24 18:44:11.500 - Initial view size: 753x524
2025-10-24 18:44:11.515 - Current zoom level: 10/10
2025-10-24 18:47:18.611 - === MyForm constructor started ===
2025-10-24 18:47:18.642 - Setting up map area
2025-10-24 18:47:18.646 - Creating TileMapManager
2025-10-24 18:47:18.650 - TileMapManager created: 1
2025-10-24 18:47:18.651 - Connecting regionDownloadProgress signal
2025-10-24 18:47:18.651 - Signal connected
2025-10-24 18:47:18.652 - Checking for local tiles...
2025-10-24 18:47:18.682 - Local tiles check completed
2025-10-24 18:47:23.224 - === MyForm constructor finished ===
2025-10-24 18:47:23.425 - Initial view size: 753x524
2025-10-24 18:47:23.438 - Current zoom level: 10/10
2025-10-24 18:50:55.708 - === MyForm constructor started ===
2025-10-24 18:50:55.775 - Setting up map area
2025-10-24 18:50:55.783 - Creating TileMapManager
2025-10-24 18:50:55.785 - TileMapManager created: 1
2025-10-24 18:50:55.785 - Connecting regionDownloadProgress signal
2025-10-24 18:50:55.786 - Signal connected
2025-10-24 18:50:55.786 - Checking for local tiles...
2025-10-24 18:50:56.051 - Local tiles check completed
2025-10-24 18:50:56.994 - === MyForm constructor finished ===
2025-10-24 18:50:57.350 - Initial view size: 753x524
2025-10-24 18:50:57.361 - Current zoom level: 10/10
2025-10-24 18:53:26.471 - === MyForm constructor started ===
2025-10-24 18:53:26.506 - Setting up map area
2025-10-24 18:53:26.509 - Creating TileMapManager
2025-10-24 18:53:26.511 - TileMapManager created: 1
2025-10-24 18:53:26.512 - Connecting regionDownloadProgress signal
2025-10-24 18:53:26.512 - Signal connected
2025-10-24 18:53:26.513 - Checking for local tiles...
2025-10-24 18:53:26.544 - Local tiles check completed
2025-10-24 18:53:27.300 - === MyForm constructor finished ===
2025-10-24 18:53:27.473 - Initial view size: 753x524
2025-10-24 18:53:27.486 - Current zoom level: 10/10
2025-10-24 19:52:53.695 - === MyForm constructor started ===
2025-10-24 19:52:53.808 - Setting up map area
2025-10-24 19:52:53.810 - Creating TileMapManager
2025-10-24 19:52:53.829 - TileMapManager created: 1
2025-10-24 19:52:53.845 - Connecting regionDownloadProgress signal
2025-10-24 19:52:53.845 - Signal connected
2025-10-24 19:52:53.846 - Checking for local tiles...
2025-10-24 19:52:54.123 - Local tiles check completed
2025-10-24 19:52:55.728 - === MyForm constructor finished ===
2025-10-24 19:52:55.977 - Initial view size: 753x524
2025-10-24 19:52:55.991 - Current zoom level: 10/10
2025-10-24 19:56:01.154 - === MyForm constructor started ===
2025-10-24 19:56:01.186 - Setting up map area
2025-10-24 19:56:01.188 - Creating TileMapManager
2025-10-24 19:56:01.189 - TileMapManager created: 1
2025-10-24 19:56:01.190 - Connecting regionDownloadProgress signal
2025-10-24 19:56:01.191 - Signal connected
2025-10-24 19:56:01.191 - Checking for local tiles...
2025-10-24 19:56:01.220 - Local tiles check completed
2025-10-24 19:56:02.056 - === MyForm constructor finished ===
2025-10-24 19:56:02.233 - Initial view size: 753x524
2025-10-24 19:56:02.245 - Current zoom level: 10/10
2025-10-24 20:01:56.660 - === MyForm constructor started ===
2025-10-24 20:01:56.695 - Setting up map area
2025-10-24 20:01:56.696 - Creating TileMapManager
2025-10-24 20:01:56.698 - TileMapManager created: 1
2025-10-24 20:01:56.699 - Connecting regionDownloadProgress signal
2025-10-24 20:01:56.700 - Signal connected
2025-10-24 20:01:56.700 - Checking for local tiles...
2025-10-24 20:01:56.729 - Local tiles check completed
2025-10-24 20:01:57.535 - === MyForm constructor finished ===
2025-10-24 20:01:57.709 - Initial view size: 753x524
2025-10-24 20:01:57.727 - Current zoom level: 10/10
2025-10-24 20:17:25.333 - === MyForm constructor started ===
2025-10-24 20:17:25.360 - Setting up map area
2025-10-24 20:17:25.371 - Creating TileMapManager
2025-10-24 20:17:25.373 - TileMapManager created: 1
2025-10-24 20:17:25.374 - Connecting regionDownloadProgress signal
2025-10-24 20:17:25.374 - Signal connected
2025-10-24 20:17:25.375 - Checking for local tiles...
2025-10-24 20:17:25.403 - Local tiles check completed
2025-10-24 20:17:26.188 - === MyForm constructor finished ===
2025-10-24 20:17:26.367 - Initial view size: 753x524
2025-10-24 20:17:26.380 - Current zoom level: 10/10
2025-10-24 20:27:54.768 - === MyForm constructor started ===
2025-10-24 20:27:54.804 - Setting up map area
2025-10-24 20:27:54.805 - Creating TileMapManager
2025-10-24 20:27:54.807 - TileMapManager created: 1
2025-10-24 20:27:54.808 - Connecting regionDownloadProgress signal
2025-10-24 20:27:54.808 - Signal connected
2025-10-24 20:27:54.809 - Checking for local tiles...
2025-10-24 20:27:54.838 - Local tiles check completed
2025-10-24 20:27:55.717 - === MyForm constructor finished ===
2025-10-24 20:27:55.937 - Initial view size: 753x524
2025-10-24 20:27:55.951 - Current zoom level: 10/10
2025-10-24 20:35:31.098 - === MyForm constructor started ===
2025-10-24 20:35:31.131 - Setting up map area
2025-10-24 20:35:31.132 - Creating TileMapManager
2025-10-24 20:35:31.134 - TileMapManager created: 1
2025-10-24 20:35:31.135 - Connecting regionDownloadProgress signal
2025-10-24 20:35:31.136 - Signal connected
2025-10-24 20:35:31.136 - Checking for local tiles...
2025-10-24 20:35:31.164 - Local tiles check completed
2025-10-24 20:35:31.673 - === MyForm constructor finished ===
2025-10-24 20:35:31.850 - Initial view size: 753x524
2025-10-24 20:35:31.864 - Current zoom level: 10/10
2025-10-24 20:39:31.638 - === MyForm constructor started ===
2025-10-24 20:39:31.702 - Setting up map area
2025-10-24 20:39:31.703 - Creating TileMapManager
2025-10-24 20:39:31.705 - TileMapManager created: 1
2025-10-24 20:39:31.708 - Connecting regionDownloadProgress signal
2025-10-24 20:39:31.708 - Signal connected
2025-10-24 20:39:31.717 - Checking for local tiles...
2025-10-24 20:39:31.925 - Local tiles check completed
2025-10-24 20:39:32.432 - === MyForm constructor finished ===
2025-10-24 20:39:32.730 - Initial view size: 753x524
2025-10-24 20:39:32.744 - Current zoom level: 10/10
2025-10-24 20:54:00.689 - === MyForm constructor started ===
2025-10-24 20:54:00.713 - Setting up map area
2025-10-24 20:54:00.725 - Creating TileMapManager
2025-10-24 20:54:00.725 - TileMapManager created: 1
2025-10-24 20:54:00.729 - Connecting regionDownloadProgress signal
2025-10-24 20:54:00.730 - Signal connected
2025-10-24 20:54:00.730 - Checking for local tiles...
2025-10-24 20:54:00.766 - Local tiles check completed
2025-10-24 20:54:01.292 - === MyForm constructor finished ===
2025-10-24 20:54:01.469 - Initial view size: 753x524
2025-10-24 20:54:01.482 - Current zoom level: 10/10
2025-10-24 20:57:11.722 - === MyForm constructor started ===
2025-10-24 20:57:11.757 - Setting up map area
2025-10-24 20:57:11.758 - Creating TileMapManager
2025-10-24 20:57:11.760 - TileMapManager created: 1
2025-10-24 20:57:11.761 - Connecting regionDownloadProgress signal
2025-10-24 20:57:11.762 - Signal connected
2025-10-24 20:57:11.762 - Checking for local tiles...
2025-10-24 20:57:11.791 - Local tiles check completed
2025-10-24 20:57:12.310 - === MyForm constructor finished ===
2025-10-24 20:57:12.491 - Initial view size: 753x524
2025-10-24 20:57:12.504 - Current zoom level: 10/10
2025-10-24 21:04:19.671 - === MyForm constructor started ===
2025-10-24 21:04:19.719 - Setting up map area
2025-10-24 21:04:19.752 - Creating TileMapManager
2025-10-24 21:04:19.756 - TileMapManager created: 1
2025-10-24 21:04:19.774 - Connecting regionDownloadProgress signal
2025-10-24 21:04:19.775 - Signal connected
2025-10-24 21:04:19.775 - Checking for local tiles...
2025-10-24 21:04:19.996 - Local tiles check completed
2025-10-24 21:04:20.804 - === MyForm constructor finished ===
2025-10-24 21:04:21.139 - Initial view size: 753x524
2025-10-24 21:04:21.153 - Current zoom level: 10/10
2025-10-24 21:07:33.209 - === MyForm constructor started ===
2025-10-24 21:07:33.236 - Setting up map area
2025-10-24 21:07:33.246 - Creating TileMapManager
2025-10-24 21:07:33.246 - TileMapManager created: 1
2025-10-24 21:07:33.246 - Connecting regionDownloadProgress signal
2025-10-24 21:07:33.246 - Signal connected
2025-10-24 21:07:33.246 - Checking for local tiles...
2025-10-24 21:07:33.280 - Local tiles check completed
2025-10-24 21:07:34.055 - === MyForm constructor finished ===
2025-10-24 21:07:34.230 - Initial view size: 753x524
2025-10-24 21:07:34.244 - Current zoom level: 10/10
2025-10-24 21:11:20.962 - === MyForm constructor started ===
2025-10-24 21:11:20.992 - Setting up map area
2025-10-24 21:11:20.999 - Creating TileMapManager
2025-10-24 21:11:20.999 - TileMapManager created: 1
2025-10-24 21:11:20.999 - Connecting regionDownloadProgress signal
2025-10-24 21:11:20.999 - Signal connected
2025-10-24 21:11:20.999 - Checking for local tiles...
2025-10-24 21:11:21.035 - Local tiles check completed
2025-10-24 21:11:21.567 - === MyForm constructor finished ===
2025-10-24 21:11:21.746 - Initial view size: 753x524
2025-10-24 21:11:21.760 - Current zoom level: 10/10
2025-10-29 16:38:02.666 - === MyForm constructor started ===
2025-10-29 16:38:02.697 - Setting up map area
2025-10-29 16:38:02.730 - Creating TileMapManager
2025-10-29 16:38:02.749 - TileMapManager created: 1
2025-10-29 16:38:02.763 - Connecting regionDownloadProgress signal
2025-10-29 16:38:02.764 - Signal connected
2025-10-29 16:38:02.764 - Checking for local tiles...
2025-10-29 16:38:02.992 - Local tiles check completed
2025-10-29 16:38:03.800 - === MyForm constructor finished ===
2025-10-29 16:38:04.010 - Initial view size: 753x524
2025-10-29 16:38:04.023 - Current zoom level: 10/10
2025-10-29 17:07:12.201 - === MyForm constructor started ===
2025-10-29 17:07:12.225 - Setting up map area
2025-10-29 17:07:12.238 - Creating TileMapManager
2025-10-29 17:07:12.256 - TileMapManager created: 1
2025-10-29 17:07:12.258 - Connecting regionDownloadProgress signal
2025-10-29 17:07:12.259 - Signal connected
2025-10-29 17:07:12.259 - Checking for local tiles...
2025-10-29 17:07:12.299 - Local tiles check completed
2025-10-29 17:07:13.078 - === MyForm constructor finished ===
2025-10-29 17:07:13.258 - Initial view size: 753x524
2025-10-29 17:07:13.272 - Current zoom level: 10/10
2025-10-29 18:57:07.352 - === MyForm constructor started ===
2025-10-29 18:57:07.433 - Setting up map area
2025-10-29 18:57:07.435 - Creating TileMapManager
2025-10-29 18:57:07.450 - TileMapManager created: 1
2025-10-29 18:57:07.840 - Connecting regionDownloadProgress signal
2025-10-29 18:57:07.840 - Signal connected
2025-10-29 18:57:07.840 - Checking for local tiles...
2025-10-29 18:57:07.887 - Local tiles check completed
2025-10-29 18:57:12.456 - === MyForm constructor finished ===
2025-10-29 18:57:12.647 - Initial view size: 753x524
2025-10-29 18:57:12.661 - Current zoom level: 10/10
2025-10-29 19:05:14.006 - === MyForm constructor started ===
2025-10-29 19:05:14.046 - Setting up map area
2025-10-29 19:05:14.048 - Creating TileMapManager
2025-10-29 19:05:14.051 - TileMapManager created: 1
2025-10-29 19:05:14.054 - Connecting regionDownloadProgress signal
2025-10-29 19:05:14.054 - Signal connected
2025-10-29 19:05:14.055 - Checking for local tiles...
2025-10-29 19:05:14.083 - Local tiles check completed
2025-10-29 19:05:14.901 - === MyForm constructor finished ===
2025-10-29 19:05:15.081 - Initial view size: 753x524
2025-10-29 19:05:15.094 - Current zoom level: 10/10
2025-10-29 19:07:49.931 - === MyForm constructor started ===
2025-10-29 19:07:49.965 - Setting up map area
2025-10-29 19:07:49.966 - Creating TileMapManager
2025-10-29 19:07:49.968 - TileMapManager created: 1
2025-10-29 19:07:49.971 - Connecting regionDownloadProgress signal
2025-10-29 19:07:49.972 - Signal connected
2025-10-29 19:07:49.972 - Checking for local tiles...
2025-10-29 19:07:50.004 - Local tiles check completed
2025-10-29 19:07:50.787 - === MyForm constructor finished ===
2025-10-29 19:07:50.968 - Initial view size: 753x524
2025-10-29 19:07:50.982 - Current zoom level: 10/10
2025-10-29 19:12:59.537 - === MyForm constructor started ===
2025-10-29 19:12:59.572 - Setting up map area
2025-10-29 19:12:59.574 - Creating TileMapManager
2025-10-29 19:12:59.576 - TileMapManager created: 1
2025-10-29 19:12:59.580 - Connecting regionDownloadProgress signal
2025-10-29 19:12:59.580 - Signal connected
2025-10-29 19:12:59.581 - Checking for local tiles...
2025-10-29 19:12:59.613 - Local tiles check completed
2025-10-29 19:13:00.432 - === MyForm constructor finished ===
2025-10-29 19:13:00.613 - Initial view size: 753x524
2025-10-29 19:13:00.626 - Current zoom level: 10/10
2025-11-05 21:28:03.493 - === MyForm constructor started ===
2025-11-05 21:28:03.544 - Setting up map area
2025-11-05 21:28:03.545 - Creating TileMapManager
2025-11-05 21:28:03.561 - TileMapManager created: 1
2025-11-05 21:28:03.983 - Connecting regionDownloadProgress signal
2025-11-05 21:28:03.984 - Signal connected
2025-11-05 21:28:03.984 - Checking for local tiles...
2025-11-05 21:28:04.335 - Local tiles check completed
2025-11-05 21:28:05.457 - === MyForm constructor finished ===
2025-11-05 21:28:05.706 - Initial view size: 753x524
2025-11-05 21:28:05.725 - Current zoom level: 10/10
2025-11-26 23:22:53.493 - === MyForm constructor started ===
2025-11-26 23:22:53.588 - Setting up map area
2025-11-26 23:22:53.590 - Creating TileMapManager
2025-11-26 23:22:53.591 - TileMapManager created: 1
2025-11-26 23:22:53.592 - Connecting regionDownloadProgress signal
2025-11-26 23:22:53.593 - Signal connected
2025-11-26 23:22:53.593 - Checking for local tiles...
2025-11-26 23:22:53.622 - Local tiles check completed
2025-11-26 23:22:56.979 - === MyForm constructor finished ===
2025-11-26 23:22:57.617 - Initial view size: 753x524
2025-11-26 23:22:57.626 - Current zoom level: 10/10
2025-11-26 23:42:45.152 - === MyForm constructor started ===
2025-11-26 23:42:45.214 - Setting up map area
2025-11-26 23:42:45.215 - Creating TileMapManager
2025-11-26 23:42:45.217 - TileMapManager created: 1
2025-11-26 23:42:45.217 - Connecting regionDownloadProgress signal
2025-11-26 23:42:45.218 - Signal connected
2025-11-26 23:42:45.218 - Checking for local tiles...
2025-11-26 23:42:45.249 - Local tiles check completed
2025-11-26 23:42:53.866 - === MyForm constructor finished ===
2025-11-26 23:42:54.460 - Initial view size: 753x524
2025-11-26 23:42:54.471 - Current zoom level: 10/10
2025-11-26 23:47:41.862 - === MyForm constructor started ===
2025-11-26 23:47:41.898 - Setting up map area
2025-11-26 23:47:41.899 - Creating TileMapManager
2025-11-26 23:47:41.901 - TileMapManager created: 1
2025-11-26 23:47:41.901 - Connecting regionDownloadProgress signal
2025-11-26 23:47:41.901 - Signal connected
2025-11-26 23:47:41.902 - Checking for local tiles...
2025-11-26 23:47:41.934 - Local tiles check completed
2025-11-26 23:47:45.043 - === MyForm constructor finished ===
2025-11-26 23:47:45.225 - Initial view size: 753x524
2025-11-26 23:47:45.235 - Current zoom level: 10/10
2025-11-27 00:04:16.365 - === MyForm constructor started ===
2025-11-27 00:04:16.396 - Setting up map area
2025-11-27 00:04:16.402 - Creating TileMapManager
2025-11-27 00:04:16.404 - TileMapManager created: 1
2025-11-27 00:04:16.405 - Connecting regionDownloadProgress signal
2025-11-27 00:04:16.405 - Signal connected
2025-11-27 00:04:16.406 - Checking for local tiles...
2025-11-27 00:04:16.438 - Local tiles check completed
2025-11-27 00:05:34.293 - === MyForm constructor started ===
2025-11-27 00:05:34.329 - Setting up map area
2025-11-27 00:05:34.330 - Creating TileMapManager
2025-11-27 00:05:34.332 - TileMapManager created: 1
2025-11-27 00:05:34.332 - Connecting regionDownloadProgress signal
2025-11-27 00:05:34.333 - Signal connected
2025-11-27 00:05:34.333 - Checking for local tiles...
2025-11-27 00:05:34.371 - Local tiles check completed
2025-11-27 00:09:53.178 - === MyForm constructor started ===
2025-11-27 00:09:53.225 - Setting up map area
2025-11-27 00:09:53.226 - Creating TileMapManager
2025-11-27 00:09:53.228 - TileMapManager created: 1
2025-11-27 00:09:53.230 - Connecting regionDownloadProgress signal
2025-11-27 00:09:53.232 - Signal connected
2025-11-27 00:09:53.233 - Checking for local tiles...
2025-11-27 00:09:53.271 - Local tiles check completed
2025-11-27 00:56:34.413 - === MyForm constructor started ===
2025-11-27 00:56:34.565 - Setting up map area
2025-11-27 00:56:34.587 - Creating TileMapManager
2025-11-27 00:56:34.617 - TileMapManager created: 1
2025-11-27 00:56:34.618 - Connecting regionDownloadProgress signal
2025-11-27 00:56:34.619 - Signal connected
2025-11-27 00:56:34.620 - Checking for local tiles...
2025-11-27 00:56:34.662 - Local tiles check completed
2025-11-27 00:56:47.072 - === MyForm constructor finished ===
2025-11-27 00:56:47.456 - Initial view size: 753x524
2025-11-27 00:56:47.463 - Current zoom level: 10/10
2025-11-27 01:14:41.668 - === MyForm constructor started ===
2025-11-27 01:14:41.882 - Setting up map area
2025-11-27 01:14:41.916 - Creating TileMapManager
2025-11-27 01:14:41.921 - TileMapManager created: 1
2025-11-27 01:14:41.922 - Connecting regionDownloadProgress signal
2025-11-27 01:14:41.922 - Signal connected
2025-11-27 01:14:41.923 - Checking for local tiles...
2025-11-27 01:14:41.996 - Local tiles check completed
2025-11-27 01:14:53.291 - === MyForm constructor finished ===
2025-11-27 01:14:53.832 - Initial view size: 753x524
2025-11-27 01:14:53.841 - Current zoom level: 10/10
2025-11-27 01:15:36.333 - === MyForm constructor started ===
2025-11-27 01:15:36.366 - Setting up map area
2025-11-27 01:15:36.367 - Creating TileMapManager
2025-11-27 01:15:36.369 - TileMapManager created: 1
2025-11-27 01:15:36.369 - Connecting regionDownloadProgress signal
2025-11-27 01:15:36.370 - Signal connected
2025-11-27 01:15:36.370 - Checking for local tiles...
2025-11-27 01:15:36.402 - Local tiles check completed
2025-11-27 01:15:37.184 - === MyForm constructor finished ===
2025-11-27 01:15:37.346 - Initial view size: 753x524
2025-11-27 01:15:37.359 - Current zoom level: 10/10
2025-11-27 01:15:51.085 - === MyForm constructor started ===
2025-11-27 01:15:51.119 - Setting up map area
2025-11-27 01:15:51.120 - Creating TileMapManager
2025-11-27 01:15:51.123 - TileMapManager created: 1
2025-11-27 01:15:51.123 - Connecting regionDownloadProgress signal
2025-11-27 01:15:51.124 - Signal connected
2025-11-27 01:15:51.124 - Checking for local tiles...
2025-11-27 01:15:51.154 - Local tiles check completed
2025-11-27 01:15:51.934 - === MyForm constructor finished ===
2025-11-27 01:15:52.105 - Initial view size: 753x524
2025-11-27 01:15:52.114 - Current zoom level: 10/10
2025-11-27 01:16:18.386 - === MyForm constructor started ===
2025-11-27 01:16:18.428 - Setting up map area
2025-11-27 01:16:18.429 - Creating TileMapManager
2025-11-27 01:16:18.431 - TileMapManager created: 1
2025-11-27 01:16:18.431 - Connecting regionDownloadProgress signal
2025-11-27 01:16:18.432 - Signal connected
2025-11-27 01:16:18.432 - Checking for local tiles...
2025-11-27 01:16:18.465 - Local tiles check completed
2025-11-27 01:16:19.440 - === MyForm constructor finished ===
2025-11-27 01:16:19.632 - Initial view size: 753x524
2025-11-27 01:16:19.644 - Current zoom level: 10/10
2025-11-27 01:16:37.981 - === MyForm constructor started ===
2025-11-27 01:16:38.014 - Setting up map area
2025-11-27 01:16:38.015 - Creating TileMapManager
2025-11-27 01:16:38.017 - TileMapManager created: 1
2025-11-27 01:16:38.017 - Connecting regionDownloadProgress signal
2025-11-27 01:16:38.018 - Signal connected
2025-11-27 01:16:38.018 - Checking for local tiles...
2025-11-27 01:16:38.047 - Local tiles check completed
2025-11-27 01:16:38.918 - === MyForm constructor finished ===
2025-11-27 01:16:39.107 - Initial view size: 753x524
2025-11-27 01:16:39.121 - Current zoom level: 10/10
2025-11-27 20:50:27.778 - === MyForm constructor started ===
2025-11-27 20:50:27.853 - Setting up map area
2025-11-27 20:50:27.859 - Creating TileMapManager
2025-11-27 20:50:27.861 - TileMapManager created: 1
2025-11-27 20:50:27.862 - Connecting regionDownloadProgress signal
2025-11-27 20:50:27.862 - Signal connected
2025-11-27 20:50:27.863 - Checking for local tiles...
2025-11-27 20:50:28.113 - Local tiles check completed
2025-11-27 20:50:33.089 - === MyForm constructor finished ===
2025-11-27 20:50:33.332 - Initial view size: 753x524
2025-11-27 20:50:33.345 - Current zoom level: 10/10
2025-11-27 20:51:12.892 - === MyForm constructor started ===
2025-11-27 20:51:12.926 - Setting up map area
2025-11-27 20:51:12.928 - Creating TileMapManager
2025-11-27 20:51:12.930 - TileMapManager created: 1
2025-11-27 20:51:12.931 - Connecting regionDownloadProgress signal
2025-11-27 20:51:12.932 - Signal connected
2025-11-27 20:51:12.932 - Checking for local tiles...
2025-11-27 20:51:12.959 - Local tiles check completed
2025-11-27 20:51:13.767 - === MyForm constructor finished ===
2025-11-27 20:51:13.927 - Initial view size: 753x524
2025-11-27 20:51:13.942 - Current zoom level: 10/10
2025-11-27 20:59:18.100 - === MyForm constructor started ===
2025-11-27 20:59:18.248 - Setting up map area
2025-11-27 20:59:18.268 - Creating TileMapManager
2025-11-27 20:59:18.335 - TileMapManager created: 1
2025-11-27 20:59:18.336 - Connecting regionDownloadProgress signal
2025-11-27 20:59:18.336 - Signal connected
2025-11-27 20:59:18.337 - Checking for local tiles...
2025-11-27 20:59:18.379 - Local tiles check completed
2025-11-27 20:59:19.247 - === MyForm constructor finished ===
2025-11-27 20:59:19.438 - Initial view size: 753x524
2025-11-27 20:59:19.447 - Current zoom level: 10/10
2025-11-27 21:07:57.705 - === MyForm constructor started ===
2025-11-27 21:07:57.826 - === MyForm constructor finished (UI setup only) ===
2025-11-27 21:07:58.019 - Setting up map area
2025-11-27 21:07:58.026 - Creating TileMapManager
2025-11-27 21:07:58.083 - TileMapManager created: 1
2025-11-27 21:07:58.084 - Connecting regionDownloadProgress signal
2025-11-27 21:07:58.084 - Signal connected
2025-11-27 21:07:58.085 - Checking for local tiles...
2025-11-27 21:07:58.131 - Local tiles check completed
2025-11-27 21:10:13.804 - === MyForm constructor started ===
2025-11-27 21:10:13.826 - === MyForm constructor finished (UI setup only) ===
2025-11-27 21:10:14.008 - Setting up map area
2025-11-27 21:10:14.010 - Creating TileMapManager
2025-11-27 21:10:14.013 - TileMapManager created: 1
2025-11-27 21:10:14.014 - Connecting regionDownloadProgress signal
2025-11-27 21:10:14.014 - Signal connected
2025-11-27 21:10:14.015 - Checking for local tiles...
2025-11-27 21:10:14.048 - Local tiles check completed
2025-11-27 21:10:14.951 - Initial view size: 753x524
2025-11-27 21:10:14.963 - Current zoom level: 10/10
2025-11-27 21:24:08.090 - === MyForm constructor started ===
2025-11-27 21:24:08.133 - === MyForm constructor finished (UI setup only) ===
2025-11-27 21:24:08.623 - Setting up map area
2025-11-27 21:24:08.626 - Creating TileMapManager
2025-11-27 21:24:08.629 - TileMapManager created: 1
2025-11-27 21:24:08.629 - Connecting regionDownloadProgress signal
2025-11-27 21:24:08.630 - Signal connected
2025-11-27 21:24:08.631 - Checking for local tiles...
2025-11-27 21:24:08.670 - Local tiles check completed
2025-11-27 21:24:11.471 - Initial view size: 753x524
2025-11-27 21:24:11.484 - Current zoom level: 10/10
2025-11-27 21:26:55.043 - === MyForm constructor started ===
2025-11-27 21:26:55.086 - === MyForm constructor finished (UI setup only) ===
2025-11-27 21:26:55.262 - Setting up map area
2025-11-27 21:26:55.262 - Creating TileMapManager
2025-11-27 21:26:55.262 - TileMapManager created: 1
2025-11-27 21:26:55.262 - Connecting regionDownloadProgress signal
2025-11-27 21:26:55.268 - Signal connected
2025-11-27 21:26:55.269 - Checking for local tiles...
2025-11-27 21:26:55.301 - Local tiles check completed
2025-11-27 21:26:56.207 - Initial view size: 753x524
2025-11-27 21:26:56.219 - Current zoom level: 10/10
2025-11-28 19:11:53.513 - === MyForm constructor started ===
2025-11-28 19:11:53.567 - === MyForm constructor finished (UI setup only) ===
2025-11-28 19:11:53.738 - Setting up map area
2025-11-28 19:11:53.740 - Creating TileMapManager
2025-11-28 19:11:53.743 - TileMapManager created: 1
2025-11-28 19:11:53.744 - Connecting regionDownloadProgress signal
2025-11-28 19:11:53.744 - Signal connected
2025-11-28 19:11:53.745 - Checking for local tiles...
2025-11-28 19:11:54.013 - Local tiles check completed
2025-11-28 19:12:36.759 - === MyForm constructor started ===
2025-11-28 19:12:36.783 - === MyForm constructor finished (UI setup only) ===
2025-11-28 19:12:36.986 - Setting up map area
2025-11-28 19:12:36.989 - Creating TileMapManager
2025-11-28 19:12:36.991 - TileMapManager created: 1
2025-11-28 19:12:36.992 - Connecting regionDownloadProgress signal
2025-11-28 19:12:36.992 - Signal connected
2025-11-28 19:12:36.993 - Checking for local tiles...
2025-11-28 19:12:37.034 - Local tiles check completed
2025-11-28 19:12:37.908 - Initial view size: 753x524
2025-11-28 19:12:37.930 - Current zoom level: 10/10
2025-11-28 19:21:43.598 - === MyForm constructor started ===
2025-11-28 19:21:43.719 - === MyForm constructor finished (UI setup only) ===
2025-11-28 19:21:44.503 - Setting up map area
2025-11-28 19:21:44.505 - Creating TileMapManager
2025-11-28 19:21:44.510 - TileMapManager created: 1
2025-11-28 19:21:44.511 - Connecting regionDownloadProgress signal
2025-11-28 19:21:44.558 - Signal connected
2025-11-28 19:21:44.559 - Checking for local tiles...
2025-11-28 19:21:44.604 - Local tiles check completed
2025-11-28 19:23:53.370 - === MyForm constructor started ===
2025-11-28 19:23:53.486 - === MyForm constructor finished (UI setup only) ===
2025-11-28 19:23:54.137 - Setting up map area
2025-11-28 19:23:54.142 - Creating TileMapManager
2025-11-28 19:23:54.146 - TileMapManager created: 1
2025-11-28 19:23:54.147 - Connecting regionDownloadProgress signal
2025-11-28 19:23:54.148 - Signal connected
2025-11-28 19:23:54.149 - Checking for local tiles...
2025-11-28 19:23:54.195 - Local tiles check completed
2025-11-28 19:34:35.415 - === MyForm constructor started ===
2025-11-28 19:34:35.595 - === MyForm constructor finished (UI setup only) ===
2025-11-28 19:34:36.348 - Setting up map area
2025-11-28 19:34:36.351 - Creating TileMapManager
2025-11-28 19:34:36.356 - TileMapManager created: 1
2025-11-28 19:34:36.357 - Connecting regionDownloadProgress signal
2025-11-28 19:34:36.359 - Signal connected
2025-11-28 19:34:36.360 - Checking for local tiles...
2025-11-28 19:34:36.461 - Local tiles check completed
2025-11-28 19:36:15.428 - Initial view size: 753x524
2025-11-28 19:36:15.456 - Current zoom level: 10/10
2025-11-28 19:48:48.083 - === MyForm constructor started ===
2025-11-28 19:48:48.204 - === MyForm constructor finished (UI setup only) ===
2025-11-28 19:48:48.865 - Setting up map area
2025-11-28 19:48:48.868 - Creating TileMapManager
2025-11-28 19:48:48.872 - TileMapManager created: 1
2025-11-28 19:48:48.873 - Connecting regionDownloadProgress signal
2025-11-28 19:48:48.874 - Signal connected
2025-11-28 19:48:48.875 - Checking for local tiles...
2025-11-28 19:48:48.918 - Local tiles check completed
2025-11-28 19:48:57.545 - Initial view size: 753x524
2025-11-28 19:48:57.576 - Current zoom level: 10/10
2025-11-28 19:49:23.645 - === MyForm constructor started ===
2025-11-28 19:49:23.768 - === MyForm constructor finished (UI setup only) ===
2025-11-28 19:49:24.423 - Setting up map area
2025-11-28 19:49:24.427 - Creating TileMapManager
2025-11-28 19:49:24.430 - TileMapManager created: 1
2025-11-28 19:49:24.431 - Connecting regionDownloadProgress signal
2025-11-28 19:49:24.432 - Signal connected
2025-11-28 19:49:24.434 - Checking for local tiles...
2025-11-28 19:49:24.473 - Local tiles check completed
2025-11-28 19:53:09.777 - === MyForm constructor started ===
2025-11-28 19:53:09.898 - === MyForm constructor finished (UI setup only) ===
2025-11-28 19:53:10.517 - Setting up map area
2025-11-28 19:53:10.521 - Creating TileMapManager
2025-11-28 19:53:10.528 - TileMapManager created: 1
2025-11-28 19:53:10.529 - Connecting regionDownloadProgress signal
2025-11-28 19:53:10.530 - Signal connected
2025-11-28 19:53:10.532 - Checking for local tiles...
2025-11-28 19:53:10.570 - Local tiles check completed
2025-11-28 20:04:15.848 - === MyForm constructor started ===
2025-11-28 20:04:15.966 - === MyForm constructor finished (UI setup only) ===
2025-11-28 20:04:16.591 - Setting up map area
2025-11-28 20:04:16.594 - Creating TileMapManager
2025-11-28 20:04:16.602 - TileMapManager created: 1
2025-11-28 20:04:16.603 - Connecting regionDownloadProgress signal
2025-11-28 20:04:16.605 - Signal connected
2025-11-28 20:04:16.606 - Checking for local tiles...
2025-11-28 20:04:16.650 - Local tiles check completed
2025-11-28 20:05:54.803 - Initial view size: 753x524
2025-11-28 20:05:54.828 - Current zoom level: 10/10
2025-11-28 20:12:54.239 - === MyForm constructor started ===
2025-11-28 20:12:54.358 - === MyForm constructor finished (UI setup only) ===
2025-11-28 20:12:54.995 - Setting up map area
2025-11-28 20:12:54.999 - Creating TileMapManager
2025-11-28 20:12:55.003 - TileMapManager created: 1
2025-11-28 20:12:55.006 - Connecting regionDownloadProgress signal
2025-11-28 20:12:55.007 - Signal connected
2025-11-28 20:12:55.008 - Checking for local tiles...
2025-11-28 20:12:55.048 - Local tiles check completed
2025-11-28 20:18:49.222 - Initial view size: 753x524
2025-11-28 20:18:49.249 - Current zoom level: 10/10
